<?xml version="1.0" encoding="UTF-8"?>
<!-- Generated by org.testng.reporters.JUnitReportReporter -->
<testsuite skipped="0" hostname="VMT10288" name="com.valuemomentum.retail.testautomation.TestNG" tests="1" failures="0" timestamp="2021-03-19T15:55:31 IST" time="0.005" errors="0">
  <testcase name="test" time="0.005" classname="com.valuemomentum.retail.testautomation.TestNG"/>
  <system-out/>
</testsuite> <!-- com.valuemomentum.retail.testautomation.TestNG -->
