<?xml version="1.0" encoding="UTF-8"?>
<!-- Generated by org.testng.reporters.JUnitReportReporter -->
<testsuite skipped="0" hostname="VMT10288" name="com.valuemomentum.retail.testautomation.utils.DataUtility" tests="1" failures="0" timestamp="2021-03-19T12:13:27 IST" time="0.819" errors="0">
  <testcase name="readData" time="0.819" classname="com.valuemomentum.retail.testautomation.utils.DataUtility"/>
  <system-out/>
</testsuite> <!-- com.valuemomentum.retail.testautomation.utils.DataUtility -->
